<?xml version="1.0" encoding="UTF-8"?>
<testng-results ignored="0" total="2" passed="2" failed="0" skipped="0">
  <reporter-output>
  </reporter-output>
  <suite started-at="2022-05-30T11:00:24 IST" name="Default suite" finished-at="2022-05-30T11:00:44 IST" duration-ms="20650">
    <groups>
    </groups>
    <test started-at="2022-05-30T11:00:24 IST" name="Default test" finished-at="2022-05-30T11:00:44 IST" duration-ms="20650">
      <class name="Test_001.Test_1">
        <test-method is-config="true" signature="readProperties()[pri:0, instance:Test_001.Test_1@10cd6753]" started-at="2022-05-30T11:00:24 IST" name="readProperties" finished-at="2022-05-30T11:00:24 IST" duration-ms="13" status="PASS">
          <reporter-output>
          </reporter-output>
        </test-method> <!-- readProperties -->
        <test-method is-config="true" signature="setExtent_e()[pri:0, instance:Test_001.Test_1@10cd6753]" started-at="2022-05-30T11:00:24 IST" name="setExtent_e" finished-at="2022-05-30T11:00:24 IST" duration-ms="212" status="PASS">
          <reporter-output>
          </reporter-output>
        </test-method> <!-- setExtent_e -->
        <test-method signature="login()[pri:0, instance:Test_001.Test_1@10cd6753]" started-at="2022-05-30T11:00:24 IST" name="login" finished-at="2022-05-30T11:00:33 IST" duration-ms="8810" status="PASS">
          <reporter-output>
          </reporter-output>
        </test-method> <!-- login -->
        <test-method is-config="true" signature="getResult_e(org.testng.ITestResult)[pri:0, instance:Test_001.Test_1@10cd6753]" started-at="2022-05-30T11:00:33 IST" name="getResult_e" finished-at="2022-05-30T11:00:33 IST" duration-ms="305" status="PASS">
          <params>
            <param index="0">
              <value>
                <![CDATA[[TestResult name=login status=SUCCESS method=Test_1.login()[pri:0, instance:Test_001.Test_1@10cd6753] output={null}]]]>
              </value>
            </param>
          </params>
          <reporter-output>
          </reporter-output>
        </test-method> <!-- getResult_e -->
        <test-method signature="post_status()[pri:0, instance:Test_001.Test_1@10cd6753]" started-at="2022-05-30T11:00:33 IST" name="post_status" finished-at="2022-05-30T11:00:40 IST" duration-ms="6610" status="PASS">
          <reporter-output>
          </reporter-output>
        </test-method> <!-- post_status -->
        <test-method is-config="true" signature="getResult_e(org.testng.ITestResult)[pri:0, instance:Test_001.Test_1@10cd6753]" started-at="2022-05-30T11:00:40 IST" name="getResult_e" finished-at="2022-05-30T11:00:40 IST" duration-ms="245" status="PASS">
          <params>
            <param index="0">
              <value>
                <![CDATA[[TestResult name=post_status status=SUCCESS method=Test_1.post_status()[pri:0, instance:Test_001.Test_1@10cd6753] output={null}]]]>
              </value>
            </param>
          </params>
          <reporter-output>
          </reporter-output>
        </test-method> <!-- getResult_e -->
        <test-method is-config="true" signature="endReport_e()[pri:0, instance:Test_001.Test_1@10cd6753]" started-at="2022-05-30T11:00:40 IST" name="endReport_e" finished-at="2022-05-30T11:00:44 IST" duration-ms="4387" status="PASS">
          <reporter-output>
          </reporter-output>
        </test-method> <!-- endReport_e -->
      </class> <!-- Test_001.Test_1 -->
    </test> <!-- Default test -->
  </suite> <!-- Default suite -->
</testng-results>
